<?xml version="1.0" encoding="UTF-8"?>
<!-- Generated by org.testng.reporters.JUnitReportReporter -->
<testsuite skipped="0" hostname="DESKTOP-UBH3EDL" name="catalog.Engine_search" tests="1" failures="0" timestamp="12 Oct 2018 19:27:56 GMT" time="17.347" errors="0">
  <testcase name="applnsearch" time="17.347" classname="catalog.Engine_search"/>
</testsuite> <!-- catalog.Engine_search -->
