<?xml version="1.0" encoding="UTF-8"?>
<!-- Generated by org.testng.reporters.JUnitReportReporter -->
<testsuite hostname="DESKTOP-UBH3EDL" name="Engine_search2" tests="1" failures="0" timestamp="14 Oct 2018 13:40:24 GMT" time="98.054" errors="0">
  <testcase name="applnsearch" time="98.054" classname="Engine_search2"/>
</testsuite> <!-- Engine_search2 -->
